<?xml version="1.0" encoding="UTF-8"?>
<testng-results skipped="0" failed="0" ignored="0" total="1" passed="1">
  <reporter-output>
  </reporter-output>
  <suite name="AykoSeleniumCucumber" duration-ms="19301" started-at="2021-09-22T08:04:57 IST" finished-at="2021-09-22T08:05:16 IST">
    <groups>
    </groups>
    <test name="AykoSeleniumCucumber" duration-ms="19301" started-at="2021-09-22T08:04:57 IST" finished-at="2021-09-22T08:05:16 IST">
      <class name="com.example.TitleOfYourFeatureTest">
        <test-method status="PASS" signature="setUp(java.lang.String)[pri:0, instance:com.example.TitleOfYourFeatureTest@32709393]" name="setUp" is-config="true" duration-ms="2265" started-at="2021-09-22T08:04:54 IST" finished-at="2021-09-22T08:04:57 IST">
          <params>
            <param index="0">
              <value>
                <![CDATA[Chrome]]>
              </value>
            </param>
          </params>
          <reporter-output>
          </reporter-output>
        </test-method> <!-- setUp -->
        <test-method status="PASS" signature="accessoriesPageNavigation()[pri:0, instance:com.example.TitleOfYourFeatureTest@32709393]" name="accessoriesPageNavigation" duration-ms="19282" started-at="2021-09-22T08:04:57 IST" finished-at="2021-09-22T08:05:16 IST">
          <reporter-output>
          </reporter-output>
        </test-method> <!-- accessoriesPageNavigation -->
      </class> <!-- com.example.TitleOfYourFeatureTest -->
    </test> <!-- AykoSeleniumCucumber -->
  </suite> <!-- AykoSeleniumCucumber -->
</testng-results>
